0 info it worked if it ends with ok
1 verbose cli [ 'node', '/usr/local/bin/npm', 'install', 'bower' ]
2 info using npm@1.4.3
3 info using node@v0.10.26
4 warn package.json rounded_handbook@0.0.1 No repository field.
5 warn package.json rounded_handbook@0.0.1 No README data
6 verbose readDependencies using package.json deps
7 verbose cache add [ 'bower', null ]
8 verbose cache add name=undefined spec="bower" args=["bower",null]
9 verbose parsed url { protocol: null,
9 verbose parsed url   slashes: null,
9 verbose parsed url   auth: null,
9 verbose parsed url   host: null,
9 verbose parsed url   port: null,
9 verbose parsed url   hostname: null,
9 verbose parsed url   hash: null,
9 verbose parsed url   search: null,
9 verbose parsed url   query: null,
9 verbose parsed url   pathname: 'bower',
9 verbose parsed url   path: 'bower',
9 verbose parsed url   href: 'bower' }
10 silly lockFile 206e3ce5-bower bower
11 verbose lock bower /Users/Heather/.npm/206e3ce5-bower.lock
12 silly lockFile 206e3ce5-bower bower
13 error Error: Attempt to unlock bower, which hasn't been locked
13 error     at unlock (/usr/local/lib/node_modules/npm/lib/cache.js:1304:11)
13 error     at cb (/usr/local/lib/node_modules/npm/lib/cache.js:866:5)
13 error     at /usr/local/lib/node_modules/npm/lib/cache.js:883:20
13 error     at /usr/local/lib/node_modules/npm/lib/cache.js:1290:7
13 error     at /usr/local/lib/node_modules/npm/node_modules/lockfile/lockfile.js:167:38
13 error     at OpenReq.Req.done (/usr/local/lib/node_modules/npm/node_modules/graceful-fs/graceful-fs.js:144:5)
13 error     at OpenReq.done (/usr/local/lib/node_modules/npm/node_modules/graceful-fs/graceful-fs.js:64:22)
13 error     at Object.oncomplete (fs.js:107:15)
14 error If you need help, you may report this *entire* log,
14 error including the npm and node versions, at:
14 error     <http://github.com/npm/npm/issues>
15 error System Darwin 13.1.0
16 error command "node" "/usr/local/bin/npm" "install" "bower"
17 error cwd /Users/Heather/Sites/rounded_handbook
18 error node -v v0.10.26
19 error npm -v 1.4.3
20 verbose exit [ 1, true ]
